  main.cpp
d:\димона\универ\прога\projects\game\myproject4\myproject4\forMcText.h(47): warning C4244: =: преобразование "float" в "int", возможна потеря данных
d:\димона\универ\прога\projects\game\myproject4\myproject4\forMcText.h(48): warning C4244: =: преобразование "float" в "int", возможна потеря данных
d:\димона\универ\прога\projects\game\myproject4\myproject4\forMcText.h(61): warning C4244: аргумент: преобразование "int" в "float", возможна потеря данных
d:\димона\универ\прога\projects\game\myproject4\myproject4\forMcText.h(78): warning C4018: <: несоответствие типов со знаком и без знака
d:\димона\универ\прога\projects\game\myproject4\myproject4\forMcText.h(109): warning C4018: <: несоответствие типов со знаком и без знака
d:\димона\универ\прога\projects\game\myproject4\myproject4\forMcText.h(124): warning C4018: <: несоответствие типов со знаком и без знака
d:\димона\универ\прога\projects\game\myproject4\myproject4\forMcText.h(143): warning C4018: <: несоответствие типов со знаком и без знака
main.cpp(53): warning C4244: аргумент: преобразование "int" в "float", возможна потеря данных
main.cpp(70): warning C4244: аргумент: преобразование "int" в "float", возможна потеря данных
main.cpp(91): warning C4244: аргумент: преобразование "int" в "float", возможна потеря данных
main.cpp(95): warning C4244: инициализация: преобразование "size_t" в "float", возможна потеря данных
main.cpp(97): warning C4244: аргумент: преобразование "int" в "float", возможна потеря данных
main.cpp(160): warning C4244: аргумент: преобразование "int" в "float", возможна потеря данных
main.cpp(210): warning C4244: аргумент: преобразование "int" в "float", возможна потеря данных
main.cpp(214): warning C4244: аргумент: преобразование "int" в "float", возможна потеря данных
main.cpp(371): warning C4244: аргумент: преобразование "int" в "float", возможна потеря данных
main.cpp(372): warning C4244: аргумент: преобразование "int" в "float", возможна потеря данных
main.cpp(375): warning C4244: аргумент: преобразование "int" в "float", возможна потеря данных
main.cpp(376): warning C4244: аргумент: преобразование "int" в "float", возможна потеря данных
main.cpp(435): warning C4244: инициализация: преобразование "sf::Int64" в "float", возможна потеря данных
  Создание кода
  Создание кода завершено
  myProject4.vcxproj -> D:\Димона\Универ\Прога\Projects\Game\myProject4\Release\myProject4.exe
